<?xml version="1.0" encoding="UTF-8"?>
<!-- Generated by org.testng.reporters.JUnitReportReporter -->
<testsuite hostname="Sowjanyas-Air" failures="0" tests="2" name="FinalProject.My_FinalProject.LoginTest" time="56.781" errors="0" timestamp="19 Jun 2023 11:23:54 GMT" skipped="0">
  <testcase classname="FinalProject.My_FinalProject.LoginTest" name="navigation" time="28.580"/>
  <testcase classname="FinalProject.My_FinalProject.LoginTest" name="navigation" time="28.201"/>
</testsuite> <!-- FinalProject.My_FinalProject.LoginTest -->
